{"level":"error","message":"error while generating a codeTypeError: Cannot destructure property 'idcode' of '(intermediate value)' as it is null.","timestamp":"2026-01-20T05:54:49.117Z"}
{"level":"error","message":"Error creating role Acces level: Failed to generate role ID","timestamp":"2026-01-20T05:54:49.122Z"}
{"level":"error","message":"error while generating a codeTypeError: Cannot destructure property 'idcode' of '(intermediate value)' as it is null.","timestamp":"2026-01-20T05:55:00.617Z"}
{"level":"error","message":"Error creating role Acces level: Failed to generate role ID","timestamp":"2026-01-20T05:55:00.618Z"}
{"level":"error","message":"error while generating a codeTypeError: Cannot destructure property 'idcode' of '(intermediate value)' as it is null.","timestamp":"2026-01-20T05:55:10.865Z"}
{"level":"error","message":"Error creating role Acces level: Failed to generate role ID","timestamp":"2026-01-20T05:55:10.866Z"}
{"level":"error","message":"error while generating a codeTypeError: Cannot destructure property 'idcode' of '(intermediate value)' as it is null.","timestamp":"2026-01-20T05:55:24.066Z"}
{"level":"error","message":"Error creating role Acces level: Failed to generate role ID","timestamp":"2026-01-20T05:55:24.067Z"}
{"level":"error","message":"error while generating a codeTypeError: Cannot destructure property 'idcode' of '(intermediate value)' as it is null.","timestamp":"2026-01-20T05:55:46.924Z"}
{"level":"error","message":"Error creating role Acces level: Failed to generate role ID","timestamp":"2026-01-20T05:55:46.924Z"}
{"level":"error","message":"error while generating a codeTypeError: Cannot destructure property 'idcode' of '(intermediate value)' as it is null.","timestamp":"2026-01-20T05:56:12.043Z"}
{"level":"error","message":"Error creating role Acces level: Failed to generate role ID","timestamp":"2026-01-20T05:56:12.045Z"}
{"level":"error","message":"error while generating a codeTypeError: Cannot destructure property 'idcode' of '(intermediate value)' as it is null.","timestamp":"2026-01-20T05:56:47.952Z"}
{"level":"error","message":"Error creating role Acces level: Failed to generate role ID","timestamp":"2026-01-20T05:56:47.953Z"}
{"level":"error","message":"error while generating a codeTypeError: Cannot destructure property 'idcode' of '(intermediate value)' as it is null.","timestamp":"2026-01-20T05:58:09.564Z"}
{"level":"error","message":"Error creating role Acces level: Failed to generate role ID","timestamp":"2026-01-20T05:58:09.565Z"}
{"level":"error","message":"error while generating a codeTypeError: Cannot destructure property 'idcode' of '(intermediate value)' as it is null.","timestamp":"2026-01-20T05:58:14.856Z"}
{"level":"error","message":"Error creating role Acces level: Failed to generate role ID","timestamp":"2026-01-20T05:58:14.857Z"}
{"level":"error","message":"error while generating a codeTypeError: Cannot destructure property 'idcode' of '(intermediate value)' as it is null.","timestamp":"2026-01-20T05:58:53.096Z"}
{"level":"error","message":"Error creating role Acces level: Failed to generate role ID","timestamp":"2026-01-20T05:58:53.097Z"}
{"level":"error","message":"error while generating a codeTypeError: Cannot destructure property 'idcode' of '(intermediate value)' as it is null.","timestamp":"2026-01-20T06:06:08.604Z"}
{"level":"error","message":"Error creating role Acces level: Failed to generate role ID","timestamp":"2026-01-20T06:06:08.605Z"}
{"level":"error","message":"error while generating a codeTypeError: Cannot destructure property 'idcode' of '(intermediate value)' as it is null.","timestamp":"2026-01-20T06:06:25.226Z"}
{"level":"error","message":"Error creating role Acces level: Failed to generate role ID","timestamp":"2026-01-20T06:06:25.227Z"}
{"level":"error","message":"Error while generating code: Id code not found for RoleAccess","timestamp":"2026-01-20T06:13:48.186Z"}
{"level":"error","message":"Error creating role Acces level: Id code not found for RoleAccess","timestamp":"2026-01-20T06:13:48.190Z"}
{"level":"error","message":"Error while generating code: Id code not found for RoleAccess","timestamp":"2026-01-20T06:13:53.978Z"}
{"level":"error","message":"Error creating role Acces level: Id code not found for RoleAccess","timestamp":"2026-01-20T06:13:53.979Z"}
{"level":"error","message":"error while generating a codeTypeError: Cannot destructure property 'idcode' of '(intermediate value)' as it is null.","timestamp":"2026-01-20T06:14:12.971Z"}
{"level":"error","message":"Error creating role Acces level: Failed to generate role ID","timestamp":"2026-01-20T06:14:12.977Z"}
{"level":"error","message":"error while generating a codeTypeError: Cannot destructure property 'idcode' of '(intermediate value)' as it is null.","timestamp":"2026-01-20T06:14:56.019Z"}
{"level":"error","message":"Error creating role Acces level: Failed to generate role ID","timestamp":"2026-01-20T06:14:56.020Z"}
{"level":"error","message":"error while generating a codeTypeError: Cannot destructure property 'idcode' of '(intermediate value)' as it is null.","timestamp":"2026-01-20T06:15:13.087Z"}
{"level":"error","message":"Error creating role Acces level: Failed to generate role ID","timestamp":"2026-01-20T06:15:13.088Z"}
{"level":"error","message":"Error while generating code: Id code not found for idname: RoleAccess","timestamp":"2026-01-20T06:16:57.813Z"}
{"level":"error","message":"Error creating role Acces level: Id code not found for idname: RoleAccess","timestamp":"2026-01-20T06:16:57.817Z"}
{"level":"error","message":"Error while generating code: Id code not found for idname: RoleAccess","timestamp":"2026-01-20T06:17:36.472Z"}
{"level":"error","message":"Error creating role Acces level: Id code not found for idname: RoleAccess","timestamp":"2026-01-20T06:17:36.474Z"}
{"level":"error","message":"Error while generating code: Id code not found for idname: RoleAccess","timestamp":"2026-01-20T06:18:23.116Z"}
{"level":"error","message":"Error creating role Acces level: Id code not found for idname: RoleAccess","timestamp":"2026-01-20T06:18:23.117Z"}
{"level":"error","message":"error while generating a codeTypeError: Cannot destructure property 'idcode' of '(intermediate value)' as it is null.","timestamp":"2026-01-20T06:19:07.642Z"}
{"level":"error","message":"Error creating role Acces level: Failed to generate role ID","timestamp":"2026-01-20T06:19:07.647Z"}
{"level":"error","message":"error while generating a codeTypeError: Cannot destructure property 'idcode' of '(intermediate value)' as it is null.","timestamp":"2026-01-20T06:20:11.881Z"}
{"level":"error","message":"Error creating role Acces level: Failed to generate role ID","timestamp":"2026-01-20T06:20:11.882Z"}
